This is pdfTeX, Version 3.1415926-1.40.9 (MiKTeX 2.7) (preloaded format=pdflatex 2009.9.15)  25 FEB 2010 16:53
entering extended mode
**C:/Documents*and*Settings/Administrator/Desktop/Authored/FYP/FYP.tex
("C:/Documents and Settings/Administrator/Desktop/Authored/FYP/FYP.tex"
LaTeX2e <2005/12/01>
Babel <v3.8l> and hyphenation patterns for english, dumylang, nohyphenation, ge
rman, ngerman, german-x-2008-06-18, ngerman-x-2008-06-18, french, loaded.
("C:\Program Files\MiKTeX 2.7\tex\latex\base\article.cls"
Document Class: article 2005/09/16 v1.4f Standard LaTeX document class
("C:\Program Files\MiKTeX 2.7\tex\latex\base\size11.clo"
File: size11.clo 2005/09/16 v1.4f Standard LaTeX file (size option)
)
\c@part=\count79
\c@section=\count80
\c@subsection=\count81
\c@subsubsection=\count82
\c@paragraph=\count83
\c@subparagraph=\count84
\c@figure=\count85
\c@table=\count86
\abovecaptionskip=\skip41
\belowcaptionskip=\skip42
\bibindent=\dimen102
)
("C:\Program Files\MiKTeX 2.7\tex\latex\graphics\graphicx.sty"
Package: graphicx 1999/02/16 v1.0f Enhanced LaTeX Graphics (DPC,SPQR)

("C:\Program Files\MiKTeX 2.7\tex\latex\graphics\keyval.sty"
Package: keyval 1999/03/16 v1.13 key=value parser (DPC)
\KV@toks@=\toks14
)
("C:\Program Files\MiKTeX 2.7\tex\latex\graphics\graphics.sty"
Package: graphics 2006/02/20 v1.0o Standard LaTeX Graphics (DPC,SPQR)

("C:\Program Files\MiKTeX 2.7\tex\latex\graphics\trig.sty"
Package: trig 1999/03/16 v1.09 sin cos tan (DPC)
)
("C:\Program Files\MiKTeX 2.7\tex\latex\00miktex\graphics.cfg"
File: graphics.cfg 2007/01/18 v1.5 graphics configuration of teTeX/TeXLive
)
Package graphics Info: Driver file: pdftex.def on input line 90.

("C:\Program Files\MiKTeX 2.7\tex\latex\pdftex-def\pdftex.def"
File: pdftex.def 2008/09/08 v0.04l Graphics/color for pdfTeX
\Gread@gobject=\count87
))
\Gin@req@height=\dimen103
\Gin@req@width=\dimen104
)
("C:\Program Files\MiKTeX 2.7\tex\latex\preprint\fullpage.sty"
Package: fullpage 1999/02/23 1.1 (PWD)
\FP@margin=\skip43
)
("C:\Program Files\MiKTeX 2.7\tex\latex\setspace\setspace.sty"
Package: setspace 2000/12/01 6.7 Contributed and Supported LaTeX2e package

Package: `setspace' 6.7 <2000/12/01>
) ("C:\Program Files\MiKTeX 2.7\tex\latex\fancyhdr\fancyhdr.sty"
\fancy@headwidth=\skip44
\f@ncyO@elh=\skip45
\f@ncyO@erh=\skip46
\f@ncyO@olh=\skip47
\f@ncyO@orh=\skip48
\f@ncyO@elf=\skip49
\f@ncyO@erf=\skip50
\f@ncyO@olf=\skip51
\f@ncyO@orf=\skip52
)
("C:\Program Files\MiKTeX 2.7\tex\latex\listings\listings.sty"
\lst@mode=\count88
\lst@gtempboxa=\box26
\lst@token=\toks15
\lst@length=\count89
\lst@currlwidth=\dimen105
\lst@column=\count90
\lst@pos=\count91
\lst@lostspace=\dimen106
\lst@width=\dimen107
\lst@newlines=\count92
\lst@lineno=\count93
\lst@maxwidth=\dimen108

("C:\Program Files\MiKTeX 2.7\tex\latex\listings\lstmisc.sty"
File: lstmisc.sty 2007/02/22 1.4 (Carsten Heinz)
\c@lstnumber=\count94
\lst@skipnumbers=\count95
\lst@framebox=\box27
)
("C:\Program Files\MiKTeX 2.7\tex\latex\listings\listings.cfg"
File: listings.cfg 2007/02/22 1.4 listings configuration
))
Package: listings 2007/02/22 1.4 (Carsten Heinz)

("C:\Program Files\MiKTeX 2.7\tex\latex\ltxmisc\url.sty"
\Urlmuskip=\muskip10
Package: url 2006/04/12  ver 3.3  Verb mode for urls, etc.
)
("C:\Program Files\MiKTeX 2.7\tex\latex\footmisc\footmisc.sty"
Package: footmisc 2007/06/12 v5.4a a miscellany of footnote facilities
\FN@temptoken=\toks16
\footnotemargin=\dimen109
\c@pp@next@reset=\count96
Package footmisc Info: Declaring symbol style bringhurst on input line 910.
Package footmisc Info: Declaring symbol style chicago on input line 918.
Package footmisc Info: Declaring symbol style wiley on input line 927.
Package footmisc Info: Declaring symbol style lamport-robust on input line 938.

Package footmisc Info: Declaring symbol style lamport* on input line 958.
Package footmisc Info: Declaring symbol style lamport*-robust on input line 979
.
)
("C:\Program Files\MiKTeX 2.7\tex\latex\hyperref\hyperref.sty"
Package: hyperref 2008/12/26 v6.78n Hypertext links for LaTeX

("C:\Program Files\MiKTeX 2.7\tex\generic\oberdiek\ifpdf.sty"
Package: ifpdf 2007/12/12 v1.6 Provides the ifpdf switch (HO)
Package ifpdf Info: pdfTeX in pdf mode detected.
)
("C:\Program Files\MiKTeX 2.7\tex\generic\oberdiek\ifvtex.sty"
Package: ifvtex 2008/11/04 v1.4 Switches for detecting VTeX and its modes (HO)
Package ifvtex Info: VTeX not detected.
)
("C:\Program Files\MiKTeX 2.7\tex\generic\ifxetex\ifxetex.sty"
Package: ifxetex 2008/09/18 v0.4 Provides ifxetex conditional
)
("C:\Program Files\MiKTeX 2.7\tex\latex\oberdiek\hycolor.sty"
Package: hycolor 2008/09/08 v1.4 Code for color options of hyperref/bookmark (H
O)

("C:\Program Files\MiKTeX 2.7\tex\latex\oberdiek\xcolor-patch.sty"
Package: xcolor-patch 2008/09/08 xcolor patch
))
\@linkdim=\dimen110
\Hy@linkcounter=\count97
\Hy@pagecounter=\count98

("C:\Program Files\MiKTeX 2.7\tex\latex\hyperref\pd1enc.def"
File: pd1enc.def 2008/12/26 v6.78n Hyperref: PDFDocEncoding definition (HO)
)
("C:\Program Files\MiKTeX 2.7\tex\generic\oberdiek\etexcmds.sty"
Package: etexcmds 2007/12/12 v1.2 Prefix for e-TeX command names (HO)

("C:\Program Files\MiKTeX 2.7\tex\generic\oberdiek\infwarerr.sty"
Package: infwarerr 2007/09/09 v1.2 Providing info/warning/message (HO)
)
Package etexcmds Info: Could not find \expanded.
(etexcmds)             That can mean that you are not using pdfTeX 1.50 or
(etexcmds)             that some package has redefined \expanded.
(etexcmds)             In the latter case, load this package earlier.
)
("C:\Program Files\MiKTeX 2.7\tex\latex\00miktex\hyperref.cfg"
File: hyperref.cfg 2002/06/06 v1.2 hyperref configuration of TeXLive
)
("C:\Program Files\MiKTeX 2.7\tex\latex\oberdiek\kvoptions.sty"
Package: kvoptions 2007/10/18 v3.0 Keyval support for LaTeX options (HO)
)
Package hyperref Info: Hyper figures OFF on input line 2907.
Package hyperref Info: Link nesting OFF on input line 2912.
Package hyperref Info: Hyper index ON on input line 2915.
Package hyperref Info: Plain pages OFF on input line 2922.
Package hyperref Info: Backreferencing OFF on input line 2927.

Implicit mode ON; LaTeX internals redefined
Package hyperref Info: Bookmarks ON on input line 3117.
LaTeX Info: Redefining \url on input line 3354.
("C:\Program Files\MiKTeX 2.7\tex\generic\oberdiek\bitset.sty"
Package: bitset 2007/09/28 v1.0 Data type bit set (HO)

("C:\Program Files\MiKTeX 2.7\tex\generic\oberdiek\intcalc.sty"
Package: intcalc 2007/09/27 v1.1 Expandable integer calculations (HO)
)
("C:\Program Files\MiKTeX 2.7\tex\generic\oberdiek\bigintcalc.sty"
Package: bigintcalc 2007/11/11 v1.1 Expandable big integer calculations (HO)

("C:\Program Files\MiKTeX 2.7\tex\generic\oberdiek\pdftexcmds.sty"
Package: pdftexcmds 2007/12/12 v0.3 LuaTeX support for pdfTeX utility functions
 (HO)
Package pdftexcmds Info: LuaTeX not detected on input line 139.
)))
("C:\Program Files\MiKTeX 2.7\tex\generic\oberdiek\kvsetkeys.sty"
Package: kvsetkeys 2007/09/29 v1.3 Key value parser with default handler suppor
t (HO)
)
\Fld@menulength=\count99
\Field@Width=\dimen111
\Fld@charsize=\dimen112
\Field@toks=\toks17
Package hyperref Info: Hyper figures OFF on input line 4271.
Package hyperref Info: Link nesting OFF on input line 4276.
Package hyperref Info: Hyper index ON on input line 4279.
Package hyperref Info: backreferencing OFF on input line 4286.
Package hyperref Info: Link coloring OFF on input line 4291.
Package hyperref Info: Link coloring with OCG OFF on input line 4296.
Package hyperref Info: PDF/A mode OFF on input line 4301.

("C:\Program Files\MiKTeX 2.7\tex\generic\oberdiek\atbegshi.sty"
Package: atbegshi 2008/07/31 v1.9 At begin shipout hook (HO)
)
\Hy@abspage=\count100
\c@Item=\count101
\c@Hfootnote=\count102
)
*hyperref using driver hpdftex*
("C:\Program Files\MiKTeX 2.7\tex\latex\hyperref\hpdftex.def"
File: hpdftex.def 2008/12/26 v6.78n Hyperref driver for pdfTeX
\Fld@listcount=\count103
)
("C:\Program Files\MiKTeX 2.7\tex\latex\listings\lstlang1.sty"
File: lstlang1.sty 2004/09/05 1.3 listings language file
)
("C:\Program Files\MiKTeX 2.7\tex\latex\listings\lstmisc.sty"
File: lstmisc.sty 2007/02/22 1.4 (Carsten Heinz)
)
("C:\Program Files\MiKTeX 2.7\tex\latex\listings\lstlang1.sty"
File: lstlang1.sty 2004/09/05 1.3 listings language file
)
Package hyperref Info: Option `pdffitwindow' set `true' on input line 30.
Package hyperref Info: Option `colorlinks' set `true' on input line 30.
 (FYP.aux)
LaTeX Font Info:    Checking defaults for OML/cmm/m/it on input line 33.
LaTeX Font Info:    ... okay on input line 33.
LaTeX Font Info:    Checking defaults for T1/cmr/m/n on input line 33.
LaTeX Font Info:    ... okay on input line 33.
LaTeX Font Info:    Checking defaults for OT1/cmr/m/n on input line 33.
LaTeX Font Info:    ... okay on input line 33.
LaTeX Font Info:    Checking defaults for OMS/cmsy/m/n on input line 33.
LaTeX Font Info:    ... okay on input line 33.
LaTeX Font Info:    Checking defaults for OMX/cmex/m/n on input line 33.
LaTeX Font Info:    ... okay on input line 33.
LaTeX Font Info:    Checking defaults for U/cmr/m/n on input line 33.
LaTeX Font Info:    ... okay on input line 33.
LaTeX Font Info:    Checking defaults for PD1/pdf/m/n on input line 33.
LaTeX Font Info:    ... okay on input line 33.

("C:\Program Files\MiKTeX 2.7\tex\context\base\supp-pdf.tex"
[Loading MPS to PDF converter (version 2006.09.02).]
\scratchcounter=\count104
\scratchdimen=\dimen113
\scratchbox=\box28
\nofMPsegments=\count105
\nofMParguments=\count106
\everyMPshowfont=\toks18
\MPscratchCnt=\count107
\MPscratchDim=\dimen114
\MPnumerator=\count108
\everyMPtoPDFconversion=\toks19
)
\c@lstlisting=\count109
 ("C:\Program Files\MiKTeX 2.7\tex\latex\graphics\color.sty"
Package: color 2005/11/14 v1.0j Standard LaTeX Color (DPC)

("C:\Program Files\MiKTeX 2.7\tex\latex\00miktex\color.cfg"
File: color.cfg 2007/01/18 v1.5 color configuration of teTeX/TeXLive
)
Package color Info: Driver file: pdftex.def on input line 130.
)
Package hyperref Info: Link coloring ON on input line 33.

("C:\Program Files\MiKTeX 2.7\tex\latex\hyperref\nameref.sty"
Package: nameref 2007/05/29 v2.31 Cross-referencing by name of section

("C:\Program Files\MiKTeX 2.7\tex\latex\oberdiek\refcount.sty"
Package: refcount 2008/08/11 v3.1 Data extraction from references (HO)
)
\c@section@level=\count110
)
LaTeX Info: Redefining \ref on input line 33.
LaTeX Info: Redefining \pageref on input line 33.
 (FYP.out)
(FYP.out)
\@outlinefile=\write3
\AtBeginShipoutBox=\box29
 [1

{C:/Documents and Settings/All Users/Application Data/MiKTeX/2.7/pdftex/config/
pdftex.map}]
Underfull \hbox (badness 10000) in paragraph at lines 70--77

 []


Underfull \hbox (badness 10000) in paragraph at lines 70--77

 []

pdfTeX warning (ext4): destination with the same identifier (name{page.1}) has 
been already used, duplicate ignored
<to be read again> 
                   \relax 
l.77 \clearpage
                [1

]pdfTeX warning (ext4): destination with the same identifier (name{page.1}) has
 been already used, duplicate ignored
<to be read again> 
                   \relax 
l.89 \end{abstract}
                    [1

] (FYP.toc
LaTeX Font Info:    External font `cmex10' loaded for size
(Font)              <10.95> on input line 2.
LaTeX Font Info:    External font `cmex10' loaded for size
(Font)              <8> on input line 2.
LaTeX Font Info:    External font `cmex10' loaded for size
(Font)              <6> on input line 2.
 [1

] [2])
\tf@toc=\write4
 [3] [4

] [5]
LaTeX Font Info:    External font `cmex10' loaded for size
(Font)              <9> on input line 189.
LaTeX Font Info:    External font `cmex10' loaded for size
(Font)              <5> on input line 189.
pdfTeX warning (ext4): destination with the same identifier (name{page.1}) has 
been already used, duplicate ignored
<to be read again> 
                   \relax 
l.210 
       [1

] [2] [3] [4] [5] [6] [7] [8] [9] [10] [11] [12] [13] [14] [15]
[16] [17] [18]
Underfull \hbox (badness 10000) in paragraph at lines 553--557

 []


Package hyperref Warning: Difference (2) between bookmark levels is greater 
(hyperref)                than one, level fixed on input line 569.

[19] [20] [21] [22]
LaTeX Font Info:    Try loading font information for OMS+cmr on input line 653.

 ("C:\Program Files\MiKTeX 2.7\tex\latex\base\omscmr.fd"
File: omscmr.fd 1999/05/25 v2.5h Standard LaTeX font definitions
)
LaTeX Font Info:    Font shape `OMS/cmr/m/n' in size <10.95> not available
(Font)              Font shape `OMS/cmsy/m/n' tried instead on input line 653.

[23] [24]
("C:\Documents and Settings\Administrator\Desktop\Authored\FYP\ThreeAxisToBluet
oothM.nc"
LaTeX Font Info:    Font shape `OMS/cmr/m/it' in size <10> not available
(Font)              Font shape `OMS/cmsy/m/n' tried instead on input line 1.
LaTeX Font Info:    External font `cmex10' loaded for size
(Font)              <7> on input line 32.
LaTeX Font Info:    Font shape `OMS/cmr/m/n' in size <10> not available
(Font)              Font shape `OMS/cmsy/m/n' tried instead on input line 37.
 [25

] [26]
LaTeX Font Info:    Try loading font information for OML+cmr on input line 110.

 ("C:\Program Files\MiKTeX 2.7\tex\latex\base\omlcmr.fd"
File: omlcmr.fd 1999/05/25 v2.5h Standard LaTeX font definitions
)
LaTeX Font Info:    Font shape `OML/cmr/m/it' in size <10> not available
(Font)              Font shape `OML/cmm/m/it' tried instead on input line 110.

[27] [28]
LaTeX Font Info:    Font shape `OML/cmr/m/n' in size <10> not available
(Font)              Font shape `OML/cmm/m/it' tried instead on input line 227.
 [29] [30]) [31]
("C:\Documents and Settings\Administrator\Desktop\Authored\FYP\ThreeAxisToBluet
ooth.nc") [32

]
("C:\Documents and Settings\Administrator\Desktop\Authored\FYP\Makefile.ext")
[33

]
("C:\Documents and Settings\Administrator\Desktop\Authored\FYP\MovementGrapher.
py" [34

] [35] [36]) [37] <./graph.jpg, id=1249, 869.34787pt x 478.1865pt>
File: ./graph.jpg Graphic file (type jpg)

<use ./graph.jpg> [38

 <C:/Documents and Settings/Administrator/Desktop/Authored/FYP/graph.jpg>] [39]
Missing character: There is no ó in font cmr10!
Missing character: There is no Ó in font cmr10!

Underfull \hbox (badness 10000) in paragraph at lines 851--855
[][]$\OT1/cmtt/m/n/10.95 http : / / www . xbow . com / Products / Product _ pdf
 _ files / Wireless _ pdf / TelosB _
 []

Missing character: There is no ™ in font cmr10!
[40] (FYP.aux) ) 
Here is how much of TeX's memory you used:
 7011 strings out of 95304
 99140 string characters out of 1183032
 211500 words of memory out of 1500000
 9405 multiletter control sequences out of 110000
 11794 words of font info for 41 fonts, out of 3000000 for 5000
 14 hyphenation exceptions out of 8191
 36i,12n,49p,1235b,1704s stack positions out of 5000i,500n,10000p,200000b,50000s
<C:/Program Files/MiKTeX 2.7/fonts/type1/bluesky/cm/cmbx10.pfb>
<C:/Program Files/MiKTeX 2.7/fonts/type1/bluesky/cm/cmbx12.pfb><C:/Program File
s/MiKTeX 2.7/fonts/type1/bluesky/cm/cmcsc10.pfb><C:/Program Files/MiKTeX 2.7/fo
nts/type1/bluesky/cm/cmmi10.pfb><C:/Program Files/MiKTeX 2.7/fonts/type1/bluesk
y/cm/cmr10.pfb><C:/Program Files/MiKTeX 2.7/fonts/type1/bluesky/cm/cmr12.pfb><C
:/Program Files/MiKTeX 2.7/fonts/type1/bluesky/cm/cmr17.pfb><C:/Program Files/M
iKTeX 2.7/fonts/type1/bluesky/cm/cmr6.pfb><C:/Program Files/MiKTeX 2.7/fonts/ty
pe1/bluesky/cm/cmr8.pfb><C:/Program Files/MiKTeX 2.7/fonts/type1/bluesky/cm/cmr
9.pfb><C:/Program Files/MiKTeX 2.7/fonts/type1/bluesky/cm/cmsl10.pfb><C:/Progra
m Files/MiKTeX 2.7/fonts/type1/bluesky/cm/cmsy10.pfb><C:/Program Files/MiKTeX 2
.7/fonts/type1/bluesky/cm/cmti10.pfb><C:/Program Files/MiKTeX 2.7/fonts/type1/b
luesky/cm/cmtt10.pfb>
Output written on FYP.pdf (48 pages, 781918 bytes).
PDF statistics:
 1484 PDF objects out of 1728 (max. 8388607)
 726 named destinations out of 1000 (max. 131072)
 634 words of extra memory for PDF output out of 10000 (max. 10000000)

